app/build/intermediates/manifest_merge_blame_file/debug/processDebugMainManifest/manifest-merger-blame-debug-report.txt
1<?xml version="1.0" encoding="utf-8"?>
2<manifest xmlns:android="http://schemas.android.com/apk/res/android"
3    package="com.example.brickblast"
4    android:versionCode="1"
5    android:versionName="1.0.0" >
6
7    <uses-sdk
8        android:minSdkVersion="26"
9        android:targetSdkVersion="35" />
10
11    <permission
11-->[androidx.core:core:1.15.0] AndroidManifest.xml:22:5-24:47
12        android:name="com.example.brickblast.DYNAMIC_RECEIVER_NOT_EXPORTED_PERMISSION"
12-->[androidx.core:core:1.15.0] AndroidManifest.xml:23:9-81
13        android:protectionLevel="signature" />
13-->[androidx.core:core:1.15.0] AndroidManifest.xml:24:9-44
14
15    <uses-permission android:name="com.example.brickblast.DYNAMIC_RECEIVER_NOT_EXPORTED_PERMISSION" />
15-->[androidx.core:core:1.15.0] AndroidManifest.xml:26:5-97
15-->[androidx.core:core:1.15.0] AndroidManifest.xml:26:22-94
16
17    <application
17-->src/main/AndroidManifest.xml:4:5-34:19
18        android:name="com.example.brickblast.BrickBlastApplication"
18-->src/main/AndroidManifest.xml:5:9-46
19        android:allowBackup="true"
19-->src/main/AndroidManifest.xml:6:9-35
20        android:appComponentFactory="androidx.core.app.CoreComponentFactory"
20-->[androidx.core:core:1.15.0] AndroidManifest.xml:28:18-86
21        android:debuggable="true"
22        android:extractNativeLibs="false"
23        android:icon="@mipmap/ic_launcher"
23-->src/main/AndroidManifest.xml:7:9-43
24        android:label="@string/app_name"
24-->src/main/AndroidManifest.xml:8:9-41
25        android:roundIcon="@mipmap/ic_launcher_round"
25-->src/main/AndroidManifest.xml:9:9-54
26        android:supportsRtl="true"
26-->src/main/AndroidManifest.xml:10:9-35
27        android:testOnly="true"
28        android:theme="@style/Theme.BrickBlast" >
28-->src/main/AndroidManifest.xml:11:9-48
29        <provider
30            android:name="androidx.core.content.FileProvider"
30-->src/main/AndroidManifest.xml:14:13-62
31            android:authorities="com.example.brickblast.fileprovider"
31-->src/main/AndroidManifest.xml:15:13-64
32            android:exported="false"
32-->src/main/AndroidManifest.xml:16:13-37
33            android:grantUriPermissions="true" >
33-->src/main/AndroidManifest.xml:17:13-47
34            <meta-data
34-->src/main/AndroidManifest.xml:18:13-20:54
35                android:name="android.support.FILE_PROVIDER_PATHS"
35-->src/main/AndroidManifest.xml:19:17-67
36                android:resource="@xml/file_paths" />
36-->src/main/AndroidManifest.xml:20:17-51
37        </provider>
38
39        <activity
39-->src/main/AndroidManifest.xml:23:9-33:20
40            android:name="com.example.brickblast.MainActivity"
40-->src/main/AndroidManifest.xml:24:13-41
41            android:configChanges="orientation|screenSize|screenLayout|keyboardHidden"
41-->src/main/AndroidManifest.xml:26:13-87
42            android:exported="true"
42-->src/main/AndroidManifest.xml:25:13-36
43            android:screenOrientation="portrait"
43-->src/main/AndroidManifest.xml:27:13-49
44            android:theme="@style/Theme.BrickBlast" >
44-->src/main/AndroidManifest.xml:28:13-52
45            <intent-filter>
45-->src/main/AndroidManifest.xml:29:13-32:29
46                <action android:name="android.intent.action.MAIN" />
46-->src/main/AndroidManifest.xml:30:17-69
46-->src/main/AndroidManifest.xml:30:25-66
47
48                <category android:name="android.intent.category.LAUNCHER" />
48-->src/main/AndroidManifest.xml:31:17-77
48-->src/main/AndroidManifest.xml:31:27-74
49            </intent-filter>
50        </activity>
51        <activity
51-->[androidx.compose.ui:ui-tooling-android:1.7.6] AndroidManifest.xml:23:9-25:39
52            android:name="androidx.compose.ui.tooling.PreviewActivity"
52-->[androidx.compose.ui:ui-tooling-android:1.7.6] AndroidManifest.xml:24:13-71
53            android:exported="true" />
53-->[androidx.compose.ui:ui-tooling-android:1.7.6] AndroidManifest.xml:25:13-36
54        <activity
54-->[androidx.compose.ui:ui-test-manifest:1.7.6] AndroidManifest.xml:23:9-25:39
55            android:name="androidx.activity.ComponentActivity"
55-->[androidx.compose.ui:ui-test-manifest:1.7.6] AndroidManifest.xml:24:13-63
56            android:exported="true" />
56-->[androidx.compose.ui:ui-test-manifest:1.7.6] AndroidManifest.xml:25:13-36
57
58        <provider
58-->[androidx.emoji2:emoji2:1.3.0] AndroidManifest.xml:24:9-32:20
59            android:name="androidx.startup.InitializationProvider"
59-->[androidx.emoji2:emoji2:1.3.0] AndroidManifest.xml:25:13-67
60            android:authorities="com.example.brickblast.androidx-startup"
60-->[androidx.emoji2:emoji2:1.3.0] AndroidManifest.xml:26:13-68
61            android:exported="false" >
61-->[androidx.emoji2:emoji2:1.3.0] AndroidManifest.xml:27:13-37
62            <meta-data
62-->[androidx.emoji2:emoji2:1.3.0] AndroidManifest.xml:29:13-31:52
63                android:name="androidx.emoji2.text.EmojiCompatInitializer"
63-->[androidx.emoji2:emoji2:1.3.0] AndroidManifest.xml:30:17-75
64                android:value="androidx.startup" />
64-->[androidx.emoji2:emoji2:1.3.0] AndroidManifest.xml:31:17-49
65            <meta-data
65-->[androidx.lifecycle:lifecycle-process:2.8.7] AndroidManifest.xml:29:13-31:52
66                android:name="androidx.lifecycle.ProcessLifecycleInitializer"
66-->[androidx.lifecycle:lifecycle-process:2.8.7] AndroidManifest.xml:30:17-78
67                android:value="androidx.startup" />
67-->[androidx.lifecycle:lifecycle-process:2.8.7] AndroidManifest.xml:31:17-49
68            <meta-data
68-->[androidx.profileinstaller:profileinstaller:1.3.1] AndroidManifest.xml:29:13-31:52
69                android:name="androidx.profileinstaller.ProfileInstallerInitializer"
69-->[androidx.profileinstaller:profileinstaller:1.3.1] AndroidManifest.xml:30:17-85
70                android:value="androidx.startup" />
70-->[androidx.profileinstaller:profileinstaller:1.3.1] AndroidManifest.xml:31:17-49
71        </provider>
72
73        <service
73-->[androidx.room:room-runtime:2.6.1] AndroidManifest.xml:24:9-28:63
74            android:name="androidx.room.MultiInstanceInvalidationService"
74-->[androidx.room:room-runtime:2.6.1] AndroidManifest.xml:25:13-74
75            android:directBootAware="true"
75-->[androidx.room:room-runtime:2.6.1] AndroidManifest.xml:26:13-43
76            android:exported="false" />
76-->[androidx.room:room-runtime:2.6.1] AndroidManifest.xml:27:13-37
77
78        <receiver
78-->[androidx.profileinstaller:profileinstaller:1.3.1] AndroidManifest.xml:34:9-52:20
79            android:name="androidx.profileinstaller.ProfileInstallReceiver"
79-->[androidx.profileinstaller:profileinstaller:1.3.1] AndroidManifest.xml:35:13-76
80            android:directBootAware="false"
80-->[androidx.profileinstaller:profileinstaller:1.3.1] AndroidManifest.xml:36:13-44
81            android:enabled="true"
81-->[androidx.profileinstaller:profileinstaller:1.3.1] AndroidManifest.xml:37:13-35
82            android:exported="true"
82-->[androidx.profileinstaller:profileinstaller:1.3.1] AndroidManifest.xml:38:13-36
83            android:permission="android.permission.DUMP" >
83-->[androidx.profileinstaller:profileinstaller:1.3.1] AndroidManifest.xml:39:13-57
84            <intent-filter>
84-->[androidx.profileinstaller:profileinstaller:1.3.1] AndroidManifest.xml:40:13-42:29
85                <action android:name="androidx.profileinstaller.action.INSTALL_PROFILE" />
85-->[androidx.profileinstaller:profileinstaller:1.3.1] AndroidManifest.xml:41:17-91
85-->[androidx.profileinstaller:profileinstaller:1.3.1] AndroidManifest.xml:41:25-88
86            </intent-filter>
87            <intent-filter>
87-->[androidx.profileinstaller:profileinstaller:1.3.1] AndroidManifest.xml:43:13-45:29
88                <action android:name="androidx.profileinstaller.action.SKIP_FILE" />
88-->[androidx.profileinstaller:profileinstaller:1.3.1] AndroidManifest.xml:44:17-85
88-->[androidx.profileinstaller:profileinstaller:1.3.1] AndroidManifest.xml:44:25-82
89            </intent-filter>
90            <intent-filter>
90-->[androidx.profileinstaller:profileinstaller:1.3.1] AndroidManifest.xml:46:13-48:29
91                <action android:name="androidx.profileinstaller.action.SAVE_PROFILE" />
91-->[androidx.profileinstaller:profileinstaller:1.3.1] AndroidManifest.xml:47:17-88
91-->[androidx.profileinstaller:profileinstaller:1.3.1] AndroidManifest.xml:47:25-85
92            </intent-filter>
93            <intent-filter>
93-->[androidx.profileinstaller:profileinstaller:1.3.1] AndroidManifest.xml:49:13-51:29
94                <action android:name="androidx.profileinstaller.action.BENCHMARK_OPERATION" />
94-->[androidx.profileinstaller:profileinstaller:1.3.1] AndroidManifest.xml:50:17-95
94-->[androidx.profileinstaller:profileinstaller:1.3.1] AndroidManifest.xml:50:25-92
95            </intent-filter>
96        </receiver>
97    </application>
98
99</manifest>